<?xml version="1.0" encoding="UTF-8"?>
<testsuite xmlns:xsi="http://www.w3.org/2001/XMLSchema-instance" xsi:noNamespaceSchemaLocation="https://maven.apache.org/surefire/maven-surefire-plugin/xsd/surefire-test-report-3.0.xsd" version="3.0" name="com.server.javaserver.JavaServerApplicationTests" time="1.748" tests="1" errors="0" skipped="0" failures="0">
  <properties>
[...]
</properties>
  <testcase name="contextLoads" classname="com.server.javaserver.JavaServerApplicationTests" time="0.139">
    <system-out><![CDATA[00:27:32.736 [main] DEBUG org.springframework.test.context.BootstrapUtils - Instantiating CacheAwareContextLoaderDelegate from class [org.springframework.test.context.cache.DefaultCacheAwareContextLoaderDelegate]
00:27:32.744 [main] DEBUG org.springframework.test.context.BootstrapUtils - Instantiating BootstrapContext using constructor [public org.springframework.test.context.support.DefaultBootstrapContext(java.lang.Class,org.springframework.test.context.CacheAwareContextLoaderDelegate)]
00:27:32.767 [main] DEBUG org.springframework.test.context.BootstrapUtils - Instantiating TestContextBootstrapper for test class [com.server.javaserver.JavaServerApplicationTests] from class [org.springframework.boot.test.context.SpringBootTestContextBootstrapper]
00:27:32.775 [main] INFO org.springframework.boot.test.context.SpringBootTestContextBootstrapper - Neither @ContextConfiguration nor @ContextHierarchy found for test class [com.server.javaserver.JavaServerApplicationTests], using SpringBootContextLoader
00:27:32.777 [main] DEBUG org.springframework.test.context.support.AbstractContextLoader - Did not detect default resource location for test class [com.server.javaserver.JavaServerApplicationTests]: class path resource [com/server/javaserver/JavaServerApplicationTests-context.xml] does not exist
00:27:32.778 [main] DEBUG org.springframework.test.context.support.AbstractContextLoader - Did not detect default resource location for test class [com.server.javaserver.JavaServerApplicationTests]: class path resource [com/server/javaserver/JavaServerApplicationTestsContext.groovy] does not exist
00:27:32.778 [main] INFO org.springframework.test.context.support.AbstractContextLoader - Could not detect default resource locations for test class [com.server.javaserver.JavaServerApplicationTests]: no resource found for suffixes {-context.xml, Context.groovy}.
00:27:32.778 [main] INFO org.springframework.test.context.support.AnnotationConfigContextLoaderUtils - Could not detect default configuration classes for test class [com.server.javaserver.JavaServerApplicationTests]: JavaServerApplicationTests does not declare any static, non-private, non-final, nested classes annotated with @Configuration.
00:27:32.809 [main] DEBUG org.springframework.test.context.support.ActiveProfilesUtils - Could not find an 'annotation declaring class' for annotation type [org.springframework.test.context.ActiveProfiles] and class [com.server.javaserver.JavaServerApplicationTests]
00:27:32.854 [main] DEBUG org.springframework.context.annotation.ClassPathScanningCandidateComponentProvider - Identified candidate component class: file [C:\Users\pc\Desktop\5500\java-server\target\classes\com\server\javaserver\JavaServerApplication.class]
00:27:32.866 [main] INFO org.springframework.boot.test.context.SpringBootTestContextBootstrapper - Found @SpringBootConfiguration com.server.javaserver.JavaServerApplication for test class com.server.javaserver.JavaServerApplicationTests
00:27:32.922 [main] DEBUG org.springframework.boot.test.context.SpringBootTestContextBootstrapper - @TestExecutionListeners is not present for class [com.server.javaserver.JavaServerApplicationTests]: using defaults.
00:27:32.922 [main] INFO org.springframework.boot.test.context.SpringBootTestContextBootstrapper - Loaded default TestExecutionListener class names from location [META-INF/spring.factories]: [org.springframework.boot.test.mock.mockito.MockitoTestExecutionListener, org.springframework.boot.test.mock.mockito.ResetMocksTestExecutionListener, org.springframework.boot.test.autoconfigure.restdocs.RestDocsTestExecutionListener, org.springframework.boot.test.autoconfigure.web.client.MockRestServiceServerResetTestExecutionListener, org.springframework.boot.test.autoconfigure.web.servlet.MockMvcPrintOnlyOnFailureTestExecutionListener, org.springframework.boot.test.autoconfigure.web.servlet.WebDriverTestExecutionListener, org.springframework.boot.test.autoconfigure.webservices.client.MockWebServiceServerTestExecutionListener, org.springframework.test.context.web.ServletTestExecutionListener, org.springframework.test.context.support.DirtiesContextBeforeModesTestExecutionListener, org.springframework.test.context.event.ApplicationEventsTestExecutionListener, org.springframework.test.context.support.DependencyInjectionTestExecutionListener, org.springframework.test.context.support.DirtiesContextTestExecutionListener, org.springframework.test.context.transaction.TransactionalTestExecutionListener, org.springframework.test.context.jdbc.SqlScriptsTestExecutionListener, org.springframework.test.context.event.EventPublishingTestExecutionListener]
00:27:32.928 [main] DEBUG org.springframework.boot.test.context.SpringBootTestContextBootstrapper - Skipping candidate TestExecutionListener [org.springframework.test.context.transaction.TransactionalTestExecutionListener] due to a missing dependency. Specify custom listener classes or make the default listener classes and their required dependencies available. Offending class: [org/springframework/transaction/interceptor/TransactionAttributeSource]
00:27:32.928 [main] DEBUG org.springframework.boot.test.context.SpringBootTestContextBootstrapper - Skipping candidate TestExecutionListener [org.springframework.test.context.jdbc.SqlScriptsTestExecutionListener] due to a missing dependency. Specify custom listener classes or make the default listener classes and their required dependencies available. Offending class: [org/springframework/transaction/interceptor/TransactionAttribute]
00:27:32.928 [main] INFO org.springframework.boot.test.context.SpringBootTestContextBootstrapper - Using TestExecutionListeners: [org.springframework.test.context.web.ServletTestExecutionListener@10cf09e8, org.springframework.test.context.support.DirtiesContextBeforeModesTestExecutionListener@1921ad94, org.springframework.test.context.event.ApplicationEventsTestExecutionListener@ee86bcb, org.springframework.boot.test.mock.mockito.MockitoTestExecutionListener@177bea38, org.springframework.boot.test.autoconfigure.SpringBootDependencyInjectionTestExecutionListener@7f132176, org.springframework.test.context.support.DirtiesContextTestExecutionListener@6bca7e0d, org.springframework.test.context.event.EventPublishingTestExecutionListener@2631f68c, org.springframework.boot.test.mock.mockito.ResetMocksTestExecutionListener@6ed3f258, org.springframework.boot.test.autoconfigure.restdocs.RestDocsTestExecutionListener@8ad6665, org.springframework.boot.test.autoconfigure.web.client.MockRestServiceServerResetTestExecutionListener@30af5b6b, org.springframework.boot.test.autoconfigure.web.servlet.MockMvcPrintOnlyOnFailureTestExecutionListener@19835e64, org.springframework.boot.test.autoconfigure.web.servlet.WebDriverTestExecutionListener@68b32e3e, org.springframework.boot.test.autoconfigure.webservices.client.MockWebServiceServerTestExecutionListener@bcef303]
00:27:32.931 [main] DEBUG org.springframework.test.context.support.AbstractDirtiesContextTestExecutionListener - Before test class: context [DefaultTestContext@53fd0d10 testClass = JavaServerApplicationTests, testInstance = [null], testMethod = [null], testException = [null], mergedContextConfiguration = [WebMergedContextConfiguration@6c0d9d86 testClass = JavaServerApplicationTests, locations = '{}', classes = '{class com.server.javaserver.JavaServerApplication}', contextInitializerClasses = '[]', activeProfiles = '{}', propertySourceLocations = '{}', propertySourceProperties = '{org.springframework.boot.test.context.SpringBootTestContextBootstrapper=true}', contextCustomizers = set[org.springframework.boot.test.context.filter.ExcludeFilterContextCustomizer@4f80542f, org.springframework.boot.test.json.DuplicateJsonObjectContextCustomizerFactory$DuplicateJsonObjectContextCustomizer@130c12b7, org.springframework.boot.test.mock.mockito.MockitoContextCustomizer@0, org.springframework.boot.test.web.client.TestRestTemplateContextCustomizer@f09733f, org.springframework.boot.test.autoconfigure.actuate.metrics.MetricsExportContextCustomizerFactory$DisableMetricExportContextCustomizer@60099951, org.springframework.boot.test.autoconfigure.properties.PropertyMappingContextCustomizer@0, org.springframework.boot.test.autoconfigure.web.servlet.WebDriverContextCustomizerFactory$Customizer@2e8c1c9b, org.springframework.boot.test.context.SpringBootTestArgs@1, org.springframework.boot.test.context.SpringBootTestWebEnvironment@6d3af739], resourceBasePath = 'src/main/webapp', contextLoader = 'org.springframework.boot.test.context.SpringBootContextLoader', parent = [null]], attributes = map['org.springframework.test.context.web.ServletTestExecutionListener.activateListener' -> true]], class annotated with @DirtiesContext [false] with mode [null].

  .   ____          _            __ _ _
 /\\ / ___'_ __ _ _(_)_ __  __ _ \ \ \ \
( ( )\___ | '_ | '_| | '_ \/ _` | \ \ \ \
 \\/  ___)| |_)| | | | | || (_| |  ) ) ) )
  '  |____| .__|_| |_|_| |_\__, | / / / /
 =========|_|==============|___/=/_/_/_/
 :: Spring Boot ::               (v2.6.13)

2024-11-11 00:27:33.212  INFO 52972 --- [           main] c.s.j.JavaServerApplicationTests         : Starting JavaServerApplicationTests using Java 22.0.2 on DESKTOP-LET59RG with PID 52972 (started by pc in C:\Users\pc\Desktop\5500\java-server)
2024-11-11 00:27:33.213  INFO 52972 --- [           main] c.s.j.JavaServerApplicationTests         : No active profile set, falling back to 1 default profile: "default"
2024-11-11 00:27:34.273  INFO 52972 --- [           main] c.s.j.JavaServerApplicationTests         : Started JavaServerApplicationTests in 1.319 seconds (JVM running for 1.924)
]]></system-out>
  </testcase>
</testsuite>